Downloading http://fashion-mnist.s3-website.eu-central-1.amazonaws.com/train-images-idx3-ubyte.gz
Downloading http://fashion-mnist.s3-website.eu-central-1.amazonaws.com/train-images-idx3-ubyte.gz to /scratch/FashionMNIST/raw/train-images-idx3-ubyte.gz
  0%|          | 0/26421880 [00:00<?, ?it/s] 14%|#3        | 3635200/26421880 [00:00<00:00, 36347441.73it/s] 29%|##9       | 7682048/26421880 [00:00<00:00, 37949703.70it/s] 43%|####3     | 11474944/26421880 [00:00<00:00, 30016847.40it/s] 55%|#####5    | 14628864/26421880 [00:00<00:00, 26965552.19it/s] 66%|######5   | 17432576/26421880 [00:00<00:00, 25849583.74it/s] 76%|#######5  | 20078592/26421880 [00:00<00:00, 25098598.78it/s] 86%|########5 | 22622208/26421880 [00:00<00:00, 24446431.11it/s] 95%|#########4| 25084928/26421880 [00:00<00:00, 24267644.50it/s]26422272it [00:00, 26431327.57it/s]                              
Extracting /scratch/FashionMNIST/raw/train-images-idx3-ubyte.gz to /scratch/FashionMNIST/raw

Downloading http://fashion-mnist.s3-website.eu-central-1.amazonaws.com/train-labels-idx1-ubyte.gz
Downloading http://fashion-mnist.s3-website.eu-central-1.amazonaws.com/train-labels-idx1-ubyte.gz to /scratch/FashionMNIST/raw/train-labels-idx1-ubyte.gz
  0%|          | 0/29515 [00:00<?, ?it/s]29696it [00:00, 5316461.14it/s]          
Extracting /scratch/FashionMNIST/raw/train-labels-idx1-ubyte.gz to /scratch/FashionMNIST/raw

Downloading http://fashion-mnist.s3-website.eu-central-1.amazonaws.com/t10k-images-idx3-ubyte.gz
Downloading http://fashion-mnist.s3-website.eu-central-1.amazonaws.com/t10k-images-idx3-ubyte.gz to /scratch/FashionMNIST/raw/t10k-images-idx3-ubyte.gz
  0%|          | 0/4422102 [00:00<?, ?it/s]4422656it [00:00, 62149553.73it/s]         
Extracting /scratch/FashionMNIST/raw/t10k-images-idx3-ubyte.gz to /scratch/FashionMNIST/raw

Downloading http://fashion-mnist.s3-website.eu-central-1.amazonaws.com/t10k-labels-idx1-ubyte.gz
Downloading http://fashion-mnist.s3-website.eu-central-1.amazonaws.com/t10k-labels-idx1-ubyte.gz to /scratch/FashionMNIST/raw/t10k-labels-idx1-ubyte.gz
  0%|          | 0/5148 [00:00<?, ?it/s]6144it [00:00, 18934462.73it/s]         
Extracting /scratch/FashionMNIST/raw/t10k-labels-idx1-ubyte.gz to /scratch/FashionMNIST/raw

/home/lcur0970/.conda/envs/dl2021/lib/python3.9/site-packages/torch/utils/data/dataloader.py:478: UserWarning: This DataLoader will create 4 worker processes in total. Our suggested max number of worker in current system is 3, which is smaller than what this DataLoader is going to create. Please be aware that excessive worker creation might get DataLoader running slow or even freeze, lower the worker number to avoid potential slowness/freeze if necessary.
  warnings.warn(_create_warning_msg(
GPU available: True, used: True
TPU available: False, using: 0 TPU cores
IPU available: False, using: 0 IPUs
[INFO] The progress bar has been suppressed. For updates on the training progress, check the TensorBoard file at VAE_logs/lightning_logs/version_8525837. If you want to see the progress bar, use the argparse option "progress_bar".

Global seed set to 42
LOCAL_RANK: 0 - CUDA_VISIBLE_DEVICES: [0]
Set SLURM handle signals.

  | Name    | Type       | Params
---------------------------------------
0 | encoder | CNNEncoder | 142 K 
1 | decoder | CNNDecoder | 127 K 
---------------------------------------
270 K     Trainable params
0         Non-trainable params
270 K     Total params
1.082     Total estimated model params size (MB)
Global seed set to 42
/home/lcur0970/.conda/envs/dl2021/lib/python3.9/site-packages/pytorch_lightning/trainer/trainer.py:899: LightningDeprecationWarning: `trainer.test(test_dataloaders)` is deprecated in v1.4 and will be removed in v1.6. Use `trainer.test(dataloaders)` instead.
  rank_zero_deprecation(
LOCAL_RANK: 0 - CUDA_VISIBLE_DEVICES: [0]
--------------------------------------------------------------------------------
DATALOADER:0 TEST RESULTS
{'test_bpd': 1.2581249475479126}
--------------------------------------------------------------------------------
