/var/spool/slurm/slurmd/job8475308/slurm_script: line 16: cd: /home/lcur0970/...: No such file or directory
Initialize dataset with 1148437 characters, 86 unique.
[train] Epoch: 1/20 Loss: 1.4713380997263334 Acc: 0.5667067610886085
Greedy Sampling             :  ! The American laws and the pr
Random Sampling - temp = 0.5:  peculiar to the election and t
Random Sampling - temp = 1.0:  ll everything; and the tending
Random Sampling - temp = 2.0:  !D"Cexporcitys whlon 8U aN! Sl
-------------------------------------------------------------------------------------
[train] Epoch: 2/20 Loss: 1.1717557909762448 Acc: 0.6400171040558363
Greedy Sampling             :  Constitution of the Union is t
Random Sampling - temp = 0.5:  1789, the sole prosperity of t
Random Sampling - temp = 1.0:  øJRackship and they are rare i
Random Sampling - temp = 2.0:  Kiazismdman
veries
;low laws, 
-------------------------------------------------------------------------------------
[train] Epoch: 3/20 Loss: 1.1047852246657661 Acc: 0.6570788975410504
Greedy Sampling             :  ]

[Footnote a: The United Sta
Random Sampling - temp = 0.5:  quiety than the despotism of t
Random Sampling - temp = 1.0:  . In New England, these two ar
Random Sampling - temp = 2.0:  xiyte Lii.-19.]
exis a stri: O
-------------------------------------------------------------------------------------
[train] Epoch: 4/20 Loss: 1.06061701132701 Acc: 0.6688182610466062
Greedy Sampling             :  Zealously to the same time the
Random Sampling - temp = 0.5:  Maryland, the States which hav
Random Sampling - temp = 1.0:  .p.]

[Footnote w: New World t
Random Sampling - temp = 2.0:  And paritd)," loaditousw HimW-
-------------------------------------------------------------------------------------
[train] Epoch: 5/20 Loss: 1.0253767634979725 Acc: 0.6783453883933384
Greedy Sampling             :  " or the other hand, the peopl
Random Sampling - temp = 0.5:  be able to govern the laws, an
Random Sampling - temp = 1.0:  (See "Pitkin's Cotnoman Conseq
Random Sampling - temp = 2.0:  XV. .D: BRnLAC11-3E, CO w, bo 
-------------------------------------------------------------------------------------
[train] Epoch: 6/20 Loss: 0.9944503361166122 Acc: 0.6866732063633675
Greedy Sampling             :  North America the principle of
Random Sampling - temp = 0.5:  former share of the people can
Random Sampling - temp = 1.0:  was engaged in the present age
Random Sampling - temp = 2.0:  empt. 2hese
especians.'FUod "l
-------------------------------------------------------------------------------------
[train] Epoch: 7/20 Loss: 0.9659817105152934 Acc: 0.6947481555816455
Greedy Sampling             :  Republicans are the only two m
Random Sampling - temp = 0.5:  " the Federal Government in th
Random Sampling - temp = 1.0:  Others, Greatrren, 1813.]]

Th
Random Sampling - temp = 2.0:  pon facqoath,
twice--Indiligin
-------------------------------------------------------------------------------------
[train] Epoch: 8/20 Loss: 0.9396073830832075 Acc: 0.7020372085879611
Greedy Sampling             :  North as the new States of the
Random Sampling - temp = 0.5:  Government is to be made betwe
Random Sampling - temp = 1.0:  rt to adequate
analogous cause
Random Sampling - temp = 2.0:  in th case than the Amexicesho
-------------------------------------------------------------------------------------
[train] Epoch: 9/20 Loss: 0.915262095638475 Acc: 0.7091639742271824
Greedy Sampling             :  , and the most prominent part 
Random Sampling - temp = 0.5:  xertions of the people it is t
Random Sampling - temp = 1.0:  øUnion was dubious, notwithsta
Random Sampling - temp = 2.0:  øacts from
acheign without sla
-------------------------------------------------------------------------------------
[train] Epoch: 10/20 Loss: 0.8925737272138181 Acc: 0.7162373206155622
Greedy Sampling             :  g the constitutional nations o
Random Sampling - temp = 0.5:  55, 688; and the place it is i
Random Sampling - temp = 1.0:  Hudsol; and
not the price of t
Random Sampling - temp = 2.0:  Cdro
Regues; tweBking' zealess
-------------------------------------------------------------------------------------
[train] Epoch: 11/20 Loss: 0.871316576083767 Acc: 0.7224696122417216
Greedy Sampling             :  2,831,900.]

The State of New 
Random Sampling - temp = 0.5:  363 it aroused the Union, it i
Random Sampling - temp = 1.0:  DIST

To the third expedles to
Random Sampling - temp = 2.0:  !L 165: *e

Proclades Blap you
-------------------------------------------------------------------------------------
[train] Epoch: 12/20 Loss: 0.8531746817140143 Acc: 0.7281569741508501
Greedy Sampling             :  He had not been able to accoun
Random Sampling - temp = 0.5:  s never more
generally extende
Random Sampling - temp = 1.0:  ,
it prevents that pleasures o
Random Sampling - temp = 2.0:  ceebly
irrive after co0nings--
-------------------------------------------------------------------------------------
[train] Epoch: 13/20 Loss: 0.8350743525137205 Acc: 0.7335168545860112
Greedy Sampling             :  Q1833.) The postage of newspap
Random Sampling - temp = 0.5:  You may copy it, give a questi
Random Sampling - temp = 1.0:  !

[Footnote a: Decembrate inc
Random Sampling - temp = 2.0:  ly--Judicia; by two?l"

"tific
-------------------------------------------------------------------------------------
[train] Epoch: 14/20 Loss: 0.8191153445637213 Acc: 0.7386003509413039
Greedy Sampling             :  0, p. 70.]

[Footnote c: It ma
Random Sampling - temp = 0.5:  ]

The American legislators ar
Random Sampling - temp = 1.0:  ve and distributing Project Gu
Random Sampling - temp = 2.0:  Mj-otier
Inhable 2,y Majore--S
-------------------------------------------------------------------------------------
[train] Epoch: 15/20 Loss: 0.8043405199662234 Acc: 0.743106109840814
Greedy Sampling             :  ment of the country and the di
Random Sampling - temp = 0.5:  $1,000
inhabitants were theref
Random Sampling - temp = 1.0:  ghing on the means of enjoymen
Random Sampling - temp = 2.0:  $ø1,800
did., peacefieding; th
-------------------------------------------------------------------------------------
[train] Epoch: 16/20 Loss: 0.7907144194063933 Acc: 0.7473151646596
Greedy Sampling             :  ), the other to extend the dem
Random Sampling - temp = 0.5:  0 in 1790 [and in 1801 were
sc
Random Sampling - temp = 1.0:  Ô English original crisis, or,
Random Sampling - temp = 2.0:  Those docures are Ecunt, more 
-------------------------------------------------------------------------------------
[train] Epoch: 17/20 Loss: 0.7787486183869268 Acc: 0.7512373816608187
Greedy Sampling             :  @ggested by the people would b
Random Sampling - temp = 0.5:  ; but I am of opinion that the
Random Sampling - temp = 1.0:  About difficulties from my sta
Random Sampling - temp = 2.0:  T Occo,ly,"; Has regration, be
-------------------------------------------------------------------------------------
[train] Epoch: 18/20 Loss: 0.767686227758061 Acc: 0.7544968001951475
Greedy Sampling             :  9, the population of the Unite
Random Sampling - temp = 0.5:  f the several States was the r
Random Sampling - temp = 1.0:  23, the population

A gew gove
Random Sampling - temp = 2.0:  H Natiofal
313, "ais Conveys
c
-------------------------------------------------------------------------------------
[train] Epoch: 19/20 Loss: 0.7572893182037932 Acc: 0.7578563781220512
Greedy Sampling             :  Footnote c: See "Darby's View 
Random Sampling - temp = 0.5:  which the ancient customs of a
Random Sampling - temp = 1.0:  but because the peoples of Eur
Random Sampling - temp = 2.0:  VIngr's "Is Preterdou co,6e, o
-------------------------------------------------------------------------------------
[train] Epoch: 20/20 Loss: 0.7475363433427502 Acc: 0.7607769930907582
Greedy Sampling             :  ut the present time, the provi
Random Sampling - temp = 0.5:  Heaven; they would soon create
Random Sampling - temp = 1.0:  3 the "Federal judges: "Artion
Random Sampling - temp = 2.0:  or: henceforts yetrit; thus in
-------------------------------------------------------------------------------------
Initialize dataset with 1148437 characters, 86 unique.
[train] Epoch: 1/20 Loss: 1.4713380997263334 Acc: 0.5667067610886085
Greedy Sampling             :  ! The Amer
Random Sampling - temp = 0.5:  peculiar t
Random Sampling - temp = 1.0:  less predo
Random Sampling - temp = 2.0:  ! Secfoacc
-------------------------------------------------------------------------------------
[train] Epoch: 2/20 Loss: 1.1717557909762448 Acc: 0.6400171040558363
Greedy Sampling             :  Constituti
Random Sampling - temp = 0.5:  1ly and th
Random Sampling - temp = 1.0:  øumult; an
Random Sampling - temp = 2.0:  K affort,

-------------------------------------------------------------------------------------
[train] Epoch: 3/20 Loss: 1.1047852246657661 Acc: 0.6570788975410504
Greedy Sampling             :  ]

[Footno
Random Sampling - temp = 0.5:  quire a le
Random Sampling - temp = 1.0:  . When the
Random Sampling - temp = 2.0:  xtremn deu
-------------------------------------------------------------------------------------
[train] Epoch: 4/20 Loss: 1.06061701132701 Acc: 0.6688182610466062
Greedy Sampling             :  Zealously 
Random Sampling - temp = 0.5:  Mary 1831,
Random Sampling - temp = 1.0:  . The
turb
Random Sampling - temp = 2.0:  A misGisor
-------------------------------------------------------------------------------------
[train] Epoch: 5/20 Loss: 1.0253767634979725 Acc: 0.6783453883933384
Greedy Sampling             :  " or the o
Random Sampling - temp = 0.5:  ble to the
Random Sampling - temp = 1.0:  (of 1620, 
Random Sampling - temp = 2.0:  Xhnot, thi
-------------------------------------------------------------------------------------
[train] Epoch: 6/20 Loss: 0.9944503361166122 Acc: 0.6866732063633675
Greedy Sampling             :  North Amer
Random Sampling - temp = 0.5:  f the town
Random Sampling - temp = 1.0:  which seem
Random Sampling - temp = 2.0:  ent
verres
-------------------------------------------------------------------------------------
[train] Epoch: 7/20 Loss: 0.9659817105152934 Acc: 0.6947481555816455
Greedy Sampling             :  Republican
Random Sampling - temp = 0.5:  "

In Amer
Random Sampling - temp = 1.0:  Orleans ar
Random Sampling - temp = 2.0:  p
befondee
-------------------------------------------------------------------------------------
[train] Epoch: 8/20 Loss: 0.9396073830832075 Acc: 0.7020372085879611
Greedy Sampling             :  North as t
Random Sampling - temp = 0.5:  General La
Random Sampling - temp = 1.0:  res. But a
Random Sampling - temp = 2.0:  ingune gug
-------------------------------------------------------------------------------------
[train] Epoch: 9/20 Loss: 0.915262095638475 Acc: 0.7091639742271824
Greedy Sampling             :  , and the 
Random Sampling - temp = 0.5:  xertions o
Random Sampling - temp = 1.0:  øfrom this
Random Sampling - temp = 2.0:  øAll sidsa
-------------------------------------------------------------------------------------
[train] Epoch: 10/20 Loss: 0.8925737272138181 Acc: 0.7162373206155622
Greedy Sampling             :  g the cons
Random Sampling - temp = 0.5:  59.]

[Foo
Random Sampling - temp = 1.0:  Having, wh
Random Sampling - temp = 2.0:  CrDecextP 
-------------------------------------------------------------------------------------
[train] Epoch: 11/20 Loss: 0.871316576083767 Acc: 0.7224696122417216
Greedy Sampling             :  2,831,900.
Random Sampling - temp = 0.5:  39, in the
Random Sampling - temp = 1.0:  Democracy

Random Sampling - temp = 2.0:  !: But Sto
-------------------------------------------------------------------------------------
[train] Epoch: 12/20 Loss: 0.8531746817140143 Acc: 0.7281569741508501
Greedy Sampling             :  He had not
Random Sampling - temp = 0.5:  s that the
Random Sampling - temp = 1.0:  , relink o
Random Sampling - temp = 2.0:  capitly pa
-------------------------------------------------------------------------------------
[train] Epoch: 13/20 Loss: 0.8350743525137205 Acc: 0.7335168545860112
Greedy Sampling             :  Q1833.) Th
Random Sampling - temp = 0.5:  York the t
Random Sampling - temp = 1.0:  !/

It is 
Random Sampling - temp = 2.0:  lf inWithe
-------------------------------------------------------------------------------------
[train] Epoch: 14/20 Loss: 0.8191153445637213 Acc: 0.7386003509413039
Greedy Sampling             :  0, p. 70.]
Random Sampling - temp = 0.5:  ]

[Footno
Random Sampling - temp = 1.0:  vernment w
Random Sampling - temp = 2.0:  Moreok
hab
-------------------------------------------------------------------------------------
[train] Epoch: 15/20 Loss: 0.8043405199662234 Acc: 0.743106109840814
Greedy Sampling             :  ment of th
Random Sampling - temp = 0.5:  $000 inhab
Random Sampling - temp = 1.0:  ge of othe
Random Sampling - temp = 2.0:  $0,000 .. 
-------------------------------------------------------------------------------------
[train] Epoch: 16/20 Loss: 0.7907144194063933 Acc: 0.7473151646596
Greedy Sampling             :  ), the oth
Random Sampling - temp = 0.5:  0, or in t
Random Sampling - temp = 1.0:  ÔªøThe Rea
Random Sampling - temp = 2.0:  This fir, 
-------------------------------------------------------------------------------------
[train] Epoch: 17/20 Loss: 0.7787486183869268 Acc: 0.7512373816608187
Greedy Sampling             :  @ggested b
Random Sampling - temp = 0.5:  ; and they
Random Sampling - temp = 1.0:  Arkansas, 
Random Sampling - temp = 2.0:  TEINg LIGI
-------------------------------------------------------------------------------------
[train] Epoch: 18/20 Loss: 0.767686227758061 Acc: 0.7544968001951475
Greedy Sampling             :  9, the pop
Random Sampling - temp = 0.5:  f the Unio
Random Sampling - temp = 1.0:  2271 statu
Random Sampling - temp = 2.0:  House. Bui
-------------------------------------------------------------------------------------
[train] Epoch: 19/20 Loss: 0.7572893182037932 Acc: 0.7578563781220512
Greedy Sampling             :  Footnote c
Random Sampling - temp = 0.5:  which they
Random Sampling - temp = 1.0:  believes, 
Random Sampling - temp = 2.0:  Very way,s
-------------------------------------------------------------------------------------
[train] Epoch: 20/20 Loss: 0.7475363433427502 Acc: 0.7607769930907582
Greedy Sampling             :  ut the pre
Random Sampling - temp = 0.5:  Hence we h
Random Sampling - temp = 1.0:  3,600 inha
Random Sampling - temp = 2.0:  ous
applic
-------------------------------------------------------------------------------------
Initialize dataset with 1148437 characters, 86 unique.
[train] Epoch: 1/20 Loss: 1.4713380997263334 Acc: 0.5667067610886085
Greedy Sampling             :  ! The American laws and the provinces of the Unite
Random Sampling - temp = 0.5:  peculiar to the election and the press the country
Random Sampling - temp = 1.0:  lever, is the efforts of the Prouggle licent Court
Random Sampling - temp = 2.0:  !l one is frequired ancivable
not,wyers surt a Kig
-------------------------------------------------------------------------------------
[train] Epoch: 2/20 Loss: 1.1717557909762448 Acc: 0.6400171040558363
Greedy Sampling             :  Constitution of the Union is the prosperity of the
Random Sampling - temp = 0.5:  165, 1830, and the United States are almost
under 
Random Sampling - temp = 1.0:  øvoce. But in France although the majority of sava
Random Sampling - temp = 2.0:  KVYe.-PRad FLi:, ADG]IxSP-RHLCORGY-D: TEND1
NwBHUL
-------------------------------------------------------------------------------------
[train] Epoch: 3/20 Loss: 1.1047852246657661 Acc: 0.6570788975410504
Greedy Sampling             :  ]

[Footnote a: The United States are not subjecte
Random Sampling - temp = 0.5:  quire in the former
part of the individual populat
Random Sampling - temp = 1.0:  . We
shall grow of parties. We slavery of the assa
Random Sampling - temp = 2.0:  xot roas "r. 117. Le's
numerou-ad, Co w, bo hrons.
-------------------------------------------------------------------------------------
[train] Epoch: 4/20 Loss: 1.06061701132701 Acc: 0.6688182610466062
Greedy Sampling             :  Zealously to the same time the same time the same 
Random Sampling - temp = 0.5:  Mexico, and the time of the States in the United S
Random Sampling - temp = 1.0:  .; those of the representatives of the
Atlantages 
Random Sampling - temp = 2.0:  Atend
dier, that greG 8 drrenavorable Bonoth facqu
-------------------------------------------------------------------------------------
[train] Epoch: 5/20 Loss: 1.0253767634979725 Acc: 0.6783453883933384
Greedy Sampling             :  " or the other hand, the people is not applied to 
Random Sampling - temp = 0.5:  blic officers, and the social power of the Union a
Random Sampling - temp = 1.0:  (f Religion; religion has affected by administrati
Random Sampling - temp = 2.0:  X/NDxMS.
W1ENYAGRAD,mÔOD, ...8 ("Ptrokshokood base
-------------------------------------------------------------------------------------
[train] Epoch: 6/20 Loss: 0.9944503361166122 Acc: 0.6866732063633675
Greedy Sampling             :  North America the principle of the people is the s
Random Sampling - temp = 0.5:  f the Union different from the constitution of the
Random Sampling - temp = 1.0:  which the American society can sell over the Feder
Random Sampling - temp = 2.0:  eichan, ?5 s
W2-spulsawes
Havan;
vieth $2.) See-Kk
-------------------------------------------------------------------------------------
[train] Epoch: 7/20 Loss: 0.9659817105152934 Acc: 0.6947481555816455
Greedy Sampling             :  Republicans are the only two methods of the people
Random Sampling - temp = 0.5:  " by the majority
has not the case in the United S
Random Sampling - temp = 1.0:  Of The Prison Of Three Races--Propent vetters, bec
Random Sampling - temp = 2.0:  pworld;
Ko00 vrotwers, Hou!]me Oren," by The Law I
-------------------------------------------------------------------------------------
[train] Epoch: 8/20 Loss: 0.9396073830832075 Acc: 0.7020372085879611
Greedy Sampling             :  North as the new States of the Union and the conse
Random Sampling - temp = 0.5:  General Jackson salutary; and it was therefore not
Random Sampling - temp = 1.0:  rg-tm
License (and is gond in its mountains with t
Random Sampling - temp = 2.0:  igs Am
674) endendered yet kitness *a emp. *3

[Fo
-------------------------------------------------------------------------------------
[train] Epoch: 9/20 Loss: 0.915262095638475 Acc: 0.7091639742271824
Greedy Sampling             :  , and the most prominent part of the Union are the
Random Sampling - temp = 0.5:  xtent of the executive power is in the extent of
t
Random Sampling - temp = 1.0:  økind would perform bishington, and even the indiv
Random Sampling - temp = 2.0:  øNot Blacted 5,9
531,6i1's, the olities which te6m
-------------------------------------------------------------------------------------
[train] Epoch: 10/20 Loss: 0.8925737272138181 Acc: 0.7162373206155622
Greedy Sampling             :  g the constitutional nations of the Union with whi
Random Sampling - temp = 0.5:  50,000 of inhabitants, and it may be sought for in
Random Sampling - temp = 1.0:  House,
and you can capable of party stating itself
Random Sampling - temp = 2.0:  C9,007d,0481. Or

goushy, one they mix,"; ** *k
Th
-------------------------------------------------------------------------------------
[train] Epoch: 11/20 Loss: 0.871316576083767 Acc: 0.7224696122417216
Greedy Sampling             :  2,831,900.]

The State of New York.]

[Footnote k:
Random Sampling - temp = 0.5:  30 tons below the federal constitution of the Unio
Random Sampling - temp = 1.0:  Due Carena and absolute monarchy
that the populati
Random Sampling - temp = 2.0:  ! Yet most simultaneously sincly of
investing hoss
-------------------------------------------------------------------------------------
[train] Epoch: 12/20 Loss: 0.8531746817140143 Acc: 0.7281569741508501
Greedy Sampling             :  He had not been able to account for the future des
Random Sampling - temp = 0.5:  s no part of the several States are perpetually in
Random Sampling - temp = 1.0:  , the subject of
what constantly discussing the ab
Random Sampling - temp = 2.0:  cans, swelly reite
that men, aids, namily fields, 
-------------------------------------------------------------------------------------
[train] Epoch: 13/20 Loss: 0.8350743525137205 Acc: 0.7335168545860112
Greedy Sampling             :  Q1833.) The postage of newspapers and the most pro
Random Sampling - temp = 0.5:  Y OR BEFORE YOU DISTRIBUTOR UNDER THIS AGREEMENT O
Random Sampling - temp = 1.0:  !
In democracies reckon several townships of its a
Random Sampling - temp = 2.0:  ld, without
she breasin, in the record generous ba
-------------------------------------------------------------------------------------
[train] Epoch: 14/20 Loss: 0.8191153445637213 Acc: 0.7386003509413039
Greedy Sampling             :  0, p. 70.]

[Footnote c: It may be asked where I p
Random Sampling - temp = 0.5:  ]

The selectmen observed, that in the United Stat
Random Sampling - temp = 1.0:  vileged bodies were still more directs, in all the
Random Sampling - temp = 2.0:  MBEMOCH Rw'T**N
TE. TUUn THE
LIBBLIEF TO FORECTALE
-------------------------------------------------------------------------------------
[train] Epoch: 15/20 Loss: 0.8043405199662234 Acc: 0.743106109840814
Greedy Sampling             :  ment of the country and the different parts of the
Random Sampling - temp = 0.5:  $300000; in 1870 they vain without the same reproa
Random Sampling - temp = 1.0:  g I
questioned these parties are not appointed by 
Random Sampling - temp = 2.0:  $8,05,207
inhabitants thus:--Airing in Spain. The

-------------------------------------------------------------------------------------
[train] Epoch: 16/20 Loss: 0.7907144194063933 Acc: 0.7473151646596
Greedy Sampling             :  ), the other to extend the democratic principle of
Random Sampling - temp = 0.5:  0 to 100. ("Companion
to the secondary functionari
Random Sampling - temp = 1.0:  ÔªøThe difficulties which connects them, it is red
Random Sampling - temp = 2.0:  They included--Different certain; ameliorations ha
-------------------------------------------------------------------------------------
[train] Epoch: 17/20 Loss: 0.7787486183869268 Acc: 0.7512373816608187
Greedy Sampling             :  @ggested by the people would be necessary to
find 
Random Sampling - temp = 0.5:  ; and they cannot refuse to
obey its attachment an
Random Sampling - temp = 1.0:  Americans, elsewhere. Anarchy will not risen to fe
Random Sampling - temp = 2.0:  The chuncy losk upon Amocilies we
amasing over int
-------------------------------------------------------------------------------------
[train] Epoch: 18/20 Loss: 0.767686227758061 Acc: 0.7544968001951475
Greedy Sampling             :  9, the population of the United States is the rule
Random Sampling - temp = 0.5:  f which has not undeminable feeling." When
the Spa
Random Sampling - temp = 1.0:  212.

"The last threate welfare of its own, which 
Random Sampling - temp = 2.0:  Hutchen:

The EGcoa; Be Massa3sor. Confes represen
-------------------------------------------------------------------------------------
[train] Epoch: 19/20 Loss: 0.7572893182037932 Acc: 0.7578563781220512
Greedy Sampling             :  Footnote c: See "Darby's View of the United States
Random Sampling - temp = 0.5:  w World belong to the common to all democratic lib
Random Sampling - temp = 1.0:  beside the folly of man.
Undulating lands extend a
Random Sampling - temp = 2.0:  V
spessed: but my inquiry. He
doubts as yet toes a
-------------------------------------------------------------------------------------
[train] Epoch: 20/20 Loss: 0.7475363433427502 Acc: 0.7607769930907582
Greedy Sampling             :  ut the present time, the provincial governments ar
Random Sampling - temp = 0.5:  Hutchinson's History," vol. i. p. 289.]

[Footnote
Random Sampling - temp = 1.0:  309.) [These gross reasons which contrives in Fran
Random Sampling - temp = 2.0:  omprise union was tendrate this gravgle
May of you
-------------------------------------------------------------------------------------
Initialize dataset with 550595 characters, 91 unique.
[train] Epoch: 1/20 Loss: 1.6641122723734656 Acc: 0.5141612446996882
Greedy Sampling             :  ), and they were so that they 
Random Sampling - temp = 0.5:  ing me so fire in the door, sh
Random Sampling - temp = 1.0:  mriven,
your frie farther. She
Random Sampling - temp = 2.0:  grarffoc
and thatmen when bagm
-------------------------------------------------------------------------------------
[train] Epoch: 2/20 Loss: 1.28851293879886 Acc: 0.6040086310963299
Greedy Sampling             :  But the first said, ‚ÄòI will 
Random Sampling - temp = 0.5:  øouth said to him, ‚ÄòWhy may 
Random Sampling - temp = 1.0:  ô Then the wood. ‚ÄòYou shall 
Random Sampling - temp = 2.0:  WTH8Et,-nax! Gose B@OW1:S;

1E
-------------------------------------------------------------------------------------
[train] Epoch: 3/20 Loss: 1.186655887614849 Acc: 0.629579126419023
Greedy Sampling             :  VEN STORY

There was once a li
Random Sampling - temp = 0.5:  When the king had to be hearte
Random Sampling - temp = 1.0:  Fnceroy Hans.‚Äô ‚ÄòIt will be
Random Sampling - temp = 2.0:  DjzCW?NIjPtremblfo-(-be she?‚Ä
-------------------------------------------------------------------------------------
[train] Epoch: 4/20 Loss: 1.1175187099811643 Acc: 0.648229808169742
Greedy Sampling             :  7 and the cook was so big as h
Random Sampling - temp = 0.5:  -shepherd was settled on the w
Random Sampling - temp = 1.0:  ?‚Äô ‚ÄòHe does, this old chil
Random Sampling - temp = 2.0:  4oac, go; wearnine upin, ateYu
-------------------------------------------------------------------------------------
[train] Epoch: 5/20 Loss: 1.0622879286145055 Acc: 0.6642690524112347
Greedy Sampling             :  pened that he had been a box o
Random Sampling - temp = 0.5:  ô said the huntsman: ‚ÄòI was 
Random Sampling - temp = 1.0:  uble: fly down to the sack, he
Random Sampling - temp = 2.0:  HO‚ÄùF?‚Äô;
start GubEg y. can
-------------------------------------------------------------------------------------
[train] Epoch: 6/20 Loss: 1.0119703352451324 Acc: 0.6783884795599205
Greedy Sampling             :  ll the beautiful bird am I!‚Äô
Random Sampling - temp = 0.5:  Literary Archive Foundation ar
Random Sampling - temp = 1.0:  SSeven door its. After a witch
Random Sampling - temp = 2.0:  Fnougw?
 I?‚fullyR
Ithou!
  He
-------------------------------------------------------------------------------------
[train] Epoch: 7/20 Loss: 0.9652044354483139 Acc: 0.6925206270328788
Greedy Sampling             :  o the king the wolf had gone o
Random Sampling - temp = 0.5:  [(would not come
to the castle
Random Sampling - temp = 1.0:  at. But I was soon after them,
Random Sampling - temp = 2.0:  #ø(UBDNrd, if
your motworm. ‚Ä
-------------------------------------------------------------------------------------
[train] Epoch: 8/20 Loss: 0.9216864419537921 Acc: 0.7056862031304559
Greedy Sampling             :  g to the first that shall be a
Random Sampling - temp = 0.5:  : ‚ÄòYou will not find my cast
Random Sampling - temp = 1.0:  ù And by by sides, whither so 
Random Sampling - temp = 2.0:  SDIRN On
entran 9lef1 nyow?-Ye
-------------------------------------------------------------------------------------
[train] Epoch: 9/20 Loss: 0.880225760021875 Acc: 0.718388482165891
Greedy Sampling             :  0 days after the other, ‚ÄòI a
Random Sampling - temp = 0.5:  What do you see?‚Äô ‚ÄòI see i
Random Sampling - temp = 1.0:  ªWhen evening, he deepers.‚Äô 
Random Sampling - temp = 2.0:  ked; four
journing saidear. Th
-------------------------------------------------------------------------------------
[train] Epoch: 10/20 Loss: 0.8431872215381888 Acc: 0.7303470601869184
Greedy Sampling             :  re the streets, who was so big
Random Sampling - temp = 0.5:  children. The cow-herd said: ‚
Random Sampling - temp = 1.0:  63 tomorrow morning, and the w
Random Sampling - temp = 2.0:  pest
of the calfraJtù‚Äôeô
Roo
-------------------------------------------------------------------------------------
[train] Epoch: 11/20 Loss: 0.8075161538844885 Acc: 0.7417012275651443
Greedy Sampling             :  Äô said the fish; ‚Äòshe is st
Random Sampling - temp = 0.5:  785-1863) and Wilhelm more for
Random Sampling - temp = 1.0:  #S]




CLEVER HANS

The mothe
Random Sampling - temp = 2.0:  winted? Dub
RoSF CrbJ:DEG- zIL
-------------------------------------------------------------------------------------
[train] Epoch: 12/20 Loss: 0.7747842956420987 Acc: 0.7522650589776594
Greedy Sampling             :  [LITTLE KIDS
     THE WILLOW-W
Random Sampling - temp = 0.5:  G own house is,‚Äô she said, ‚
Random Sampling - temp = 1.0:  Then she gave him a
handful of
Random Sampling - temp = 2.0:  zef: and side of the mayor-teR
-------------------------------------------------------------------------------------
[train] Epoch: 13/20 Loss: 0.7462596338848735 Acc: 0.7621172856452854
Greedy Sampling             :  øit was midnight, and the litt
Random Sampling - temp = 0.5:  úthe dogs in the United States
Random Sampling - temp = 1.0:  Lad and in the night with it, 
Random Sampling - temp = 2.0:  RTLET

UW, PIRERTORASS
There w
-------------------------------------------------------------------------------------
[train] Epoch: 14/20 Loss: 0.7198203118734582 Acc: 0.7709072599577349
Greedy Sampling             :  The peasant said: ‚ÄòI have no
Random Sampling - temp = 0.5:  Fundevogel and night, and bega
Random Sampling - temp = 1.0:  parched by the door of his car
Random Sampling - temp = 2.0:  RNY-186ù

answned tomach, ant 
-------------------------------------------------------------------------------------
[train] Epoch: 15/20 Loss: 0.698004296352697 Acc: 0.7780469155588815
Greedy Sampling             :  -tree
  Kywitt, Kywitt, what a
Random Sampling - temp = 0.5:  #3]: ‚ÄòIs that could but shud
Random Sampling - temp = 1.0:  ly at the forest.‚Äô

When the
Random Sampling - temp = 2.0:  jôs mapu; like
a leg--qual, Ro
-------------------------------------------------------------------------------------
[train] Epoch: 16/20 Loss: 0.67743916469951 Acc: 0.7853403988272645
Greedy Sampling             :  ªøcle king of the Golden Mount
Random Sampling - temp = 0.5:  #225114.  Except for the princ
Random Sampling - temp = 1.0:  ô Gretel
promised to you may c
Random Sampling - temp = 2.0:  X, but he stopped very
lon; I 
-------------------------------------------------------------------------------------
[train] Epoch: 17/20 Loss: 0.6594656237336092 Acc: 0.7910865232001904
Greedy Sampling             :  VEN RAVENS

There was once a m
Random Sampling - temp = 0.5:  *** START: FULL LICENSE ***

T
Random Sampling - temp = 1.0:  øir would have liked to go out
Random Sampling - temp = 2.0:  Y OF GROF-PEt Next
mine pair f
-------------------------------------------------------------------------------------
[train] Epoch: 18/20 Loss: 0.6431324057800826 Acc: 0.7965546698071236
Greedy Sampling             :  RIND, EXPRESS OR IMPLIED, INCL
Random Sampling - temp = 0.5:  ô ‚ÄòIf you are such a clever 
Random Sampling - temp = 1.0:  VER BROTHERS

‚ÄòDear child,‚Ä
Random Sampling - temp = 2.0:  1 (but
when the soldier was tr
-------------------------------------------------------------------------------------
[train] Epoch: 19/20 Loss: 0.6293839123359947 Acc: 0.8013190839179727
Greedy Sampling             :  g the king of the landlord at 
Random Sampling - temp = 0.5:  UND - If you discover a
defect
Random Sampling - temp = 1.0:  ad, and they were sitting on a
Random Sampling - temp = 2.0:  1, they agt refulled Lide:

  
-------------------------------------------------------------------------------------
[train] Epoch: 20/20 Loss: 0.616542587446612 Acc: 0.8056989283062691
Greedy Sampling             :  ut the bear has been a dainty 
Random Sampling - temp = 0.5:  ********
This agreement for th
Random Sampling - temp = 1.0:  9mation of certain types of da
Random Sampling - temp = 2.0:  osplay‚Äôs
who ought to her, a
-------------------------------------------------------------------------------------
Initialize dataset with 550595 characters, 91 unique.
[train] Epoch: 1/20 Loss: 1.6641122723734656 Acc: 0.5141612446996882
Greedy Sampling             :  ), and the
Random Sampling - temp = 0.5:  ing me so 
Random Sampling - temp = 1.0:  m, ‚ÄòWhat
Random Sampling - temp = 2.0:  glU ug; he
-------------------------------------------------------------------------------------
[train] Epoch: 2/20 Loss: 1.28851293879886 Acc: 0.6040086310963299
Greedy Sampling             :  But the fi
Random Sampling - temp = 0.5:  ømerribly 
Random Sampling - temp = 1.0:  ô Tom when
Random Sampling - temp = 2.0:  W fellwZ.v
-------------------------------------------------------------------------------------
[train] Epoch: 3/20 Loss: 1.186655887614849 Acc: 0.629579126419023
Greedy Sampling             :  VEN STORY

Random Sampling - temp = 0.5:  When the k
Random Sampling - temp = 1.0:  F6cation a
Random Sampling - temp = 2.0:  DammBoR:/J
-------------------------------------------------------------------------------------
[train] Epoch: 4/20 Loss: 1.1175187099811643 Acc: 0.648229808169742
Greedy Sampling             :  7 and the 
Random Sampling - temp = 0.5:  -beard wer
Random Sampling - temp = 1.0:  ?‚Äô ‚ÄòNe
Random Sampling - temp = 2.0:  4!, tI)t a
-------------------------------------------------------------------------------------
[train] Epoch: 5/20 Loss: 1.0622879286145055 Acc: 0.6642690524112347
Greedy Sampling             :  pened that
Random Sampling - temp = 0.5:  ô said she
Random Sampling - temp = 1.0:  ut in the 
Random Sampling - temp = 2.0:  Hilaunhtai
-------------------------------------------------------------------------------------
[train] Epoch: 6/20 Loss: 1.0119703352451324 Acc: 0.6783884795599205
Greedy Sampling             :  ll the bea
Random Sampling - temp = 0.5:  L It was n
Random Sampling - temp = 1.0:  S:
‚ÄòBeep
Random Sampling - temp = 2.0:  FULDSG MLS
-------------------------------------------------------------------------------------
[train] Epoch: 7/20 Loss: 0.9652044354483139 Acc: 0.6925206270328788
Greedy Sampling             :  o the king
Random Sampling - temp = 0.5:  [BERG BRIM
Random Sampling - temp = 1.0:  ass to sel
Random Sampling - temp = 2.0:  #
ale near
-------------------------------------------------------------------------------------
[train] Epoch: 8/20 Loss: 0.9216864419537921 Acc: 0.7056862031304559
Greedy Sampling             :  g to the f
Random Sampling - temp = 0.5:  :

 ‚ÄòFal
Random Sampling - temp = 1.0:  ù
Gretel r
Random Sampling - temp = 2.0:  SP:ACON RA
-------------------------------------------------------------------------------------
[train] Epoch: 9/20 Loss: 0.880225760021875 Acc: 0.718388482165891
Greedy Sampling             :  0 days aft
Random Sampling - temp = 0.5:  What do yo
Random Sampling - temp = 1.0:  ªªøl not l
Random Sampling - temp = 2.0:  kC
  Till 
-------------------------------------------------------------------------------------
[train] Epoch: 10/20 Loss: 0.8431872215381888 Acc: 0.7303470601869184
Greedy Sampling             :  re the str
Random Sampling - temp = 0.5:  ce and hay
Random Sampling - temp = 1.0:  6r to
go.‚
Random Sampling - temp = 2.0:  pextafy Ro
-------------------------------------------------------------------------------------
[train] Epoch: 11/20 Loss: 0.8075161538844885 Acc: 0.7417012275651443
Greedy Sampling             :  Äô said th
Random Sampling - temp = 0.5:  7; and the
Random Sampling - temp = 1.0:  #FLLLL NOT
Random Sampling - temp = 2.0:  wnxquairt 
-------------------------------------------------------------------------------------
[train] Epoch: 12/20 Loss: 0.7747842956420987 Acc: 0.7522650589776594
Greedy Sampling             :  [LITTLE KI
Random Sampling - temp = 0.5:  G OF THIS 
Random Sampling - temp = 1.0:  The king‚Ä
Random Sampling - temp = 2.0:  ze, I am, 
-------------------------------------------------------------------------------------
[train] Epoch: 13/20 Loss: 0.7462596338848735 Acc: 0.7621172856452854
Greedy Sampling             :  øit was mi
Random Sampling - temp = 0.5:  úyoung man
Random Sampling - temp = 1.0:  Line thing
Random Sampling - temp = 2.0:  ROJECY w f
-------------------------------------------------------------------------------------
[train] Epoch: 14/20 Loss: 0.7198203118734582 Acc: 0.7709072599577349
Greedy Sampling             :  The peasan
Random Sampling - temp = 0.5:  Fundevogel
Random Sampling - temp = 1.0:  p she was 
Random Sampling - temp = 2.0:  REY DAMISE
-------------------------------------------------------------------------------------
[train] Epoch: 15/20 Loss: 0.698004296352697 Acc: 0.7780469155588815
Greedy Sampling             :  -tree
  Ky
Random Sampling - temp = 0.5:  #? and whe
Random Sampling - temp = 1.0:  left, and 
Random Sampling - temp = 2.0:  job; yet h
-------------------------------------------------------------------------------------
[train] Epoch: 16/20 Loss: 0.67743916469951 Acc: 0.7853403988272645
Greedy Sampling             :  ªøcle king
Random Sampling - temp = 0.5:  #21541.  I
Random Sampling - temp = 1.0:  ô The king
Random Sampling - temp = 2.0:  XG. EVEN. 
-------------------------------------------------------------------------------------
[train] Epoch: 17/20 Loss: 0.6594656237336092 Acc: 0.7910865232001904
Greedy Sampling             :  VEN RAVENS
Random Sampling - temp = 0.5:  *** START:
Random Sampling - temp = 1.0:  øirth to p
Random Sampling - temp = 2.0:  YGKL

Nonq
-------------------------------------------------------------------------------------
[train] Epoch: 18/20 Loss: 0.6431324057800826 Acc: 0.7965546698071236
Greedy Sampling             :  RIND, EXPR
Random Sampling - temp = 0.5:  ô said the
Random Sampling - temp = 1.0:  VER ELSIE

Random Sampling - temp = 2.0:  1-claim a 
-------------------------------------------------------------------------------------
[train] Epoch: 19/20 Loss: 0.6293839123359947 Acc: 0.8013190839179727
Greedy Sampling             :  g the king
Random Sampling - temp = 0.5:  UNDEVOGEL

Random Sampling - temp = 1.0:  arm went o
Random Sampling - temp = 2.0:  1ft6ry
not
-------------------------------------------------------------------------------------
[train] Epoch: 20/20 Loss: 0.616542587446612 Acc: 0.8056989283062691
Greedy Sampling             :  ut the bea
Random Sampling - temp = 0.5:  ****** Thi
Random Sampling - temp = 1.0:  9.
And Cha
Random Sampling - temp = 2.0:  o:
-be act
-------------------------------------------------------------------------------------
Initialize dataset with 550595 characters, 91 unique.
[train] Epoch: 1/20 Loss: 1.6641122723734656 Acc: 0.5141612446996882
Greedy Sampling             :  ), and they were so that they were so that they we
Random Sampling - temp = 0.5:  ing me so fire in the door, she had not liver of t
Random Sampling - temp = 1.0:  me for it had followed himmen when he mouting me s
Random Sampling - temp = 2.0:  gXt, togt ac; drrnevindslice iopunx?a
ywoosus with
-------------------------------------------------------------------------------------
[train] Epoch: 2/20 Loss: 1.28851293879886 Acc: 0.6040086310963299
Greedy Sampling             :  But the first said, ‚ÄòI will go away to the fire 
Random Sampling - temp = 0.5:  øe the other said: ‚ÄòI will like the boy
of the w
Random Sampling - temp = 1.0:  ô


THE REEBIRE WEN RANDITS

There bronge me stret
Random Sampling - temp = 2.0:  WHlfE-REY   Ne? IFFIRE(UR TO EBTILE FELGPITHOxDeaN
-------------------------------------------------------------------------------------
[train] Epoch: 3/20 Loss: 1.186655887614849 Acc: 0.629579126419023
Greedy Sampling             :  VEN STORY

There was once a little castle which wa
Random Sampling - temp = 0.5:  When the cow-herd said, ‚ÄòI will go and bring the
Random Sampling - temp = 1.0:  Fare two old woman said, ‚ÄòYou,
I can: fly down t
Random Sampling - temp = 2.0:  D]EDNPGLIOP

LOO]]nF)); on thr/win Egly. caris! to
-------------------------------------------------------------------------------------
[train] Epoch: 4/20 Loss: 1.1175187099811643 Acc: 0.648229808169742
Greedy Sampling             :  7 and the cook was so big as he could not have her
Random Sampling - temp = 0.5:  -treet come on the tree and cheese.

When the cook
Random Sampling - temp = 1.0:  ?‚Äô But when the little old east had eaten the br
Random Sampling - temp = 2.0:  4L(thee, she thou_deI!: 1nscobmp,[) prince,
  Durd
-------------------------------------------------------------------------------------
[train] Epoch: 5/20 Loss: 1.0622879286145055 Acc: 0.6642690524112347
Greedy Sampling             :  pened that he had been a box on the streets, and t
Random Sampling - temp = 0.5:  ô said the wolf. ‚ÄòIf I do not come and cut her h
Random Sampling - temp = 1.0:  ught her for she should
go back to the fire stole 
Random Sampling - temp = 2.0:  H1 Falwonish-juy! Hetinu, it
be keese. It povesh w
-------------------------------------------------------------------------------------
[train] Epoch: 6/20 Loss: 1.0119703352451324 Acc: 0.6783884795599205
Greedy Sampling             :  ll the beautiful bird am I!‚Äô

The bear was a goo
Random Sampling - temp = 0.5:  LITTLE RED-CAP [LITTLE RED RIDING HOOD]

Once upon
Random Sampling - temp = 1.0:  She ran
cocking, made him left a man who heard, he
Random Sampling - temp = 2.0:  FjOED-.FAY JATILI!
 U2xortJtùx ($5
1(*8% cnPrIb/MA
-------------------------------------------------------------------------------------
[train] Epoch: 7/20 Loss: 0.9652044354483139 Acc: 0.6925206270328788
Greedy Sampling             :  o the king the wolf had gone on his way through th
Random Sampling - temp = 0.5:  [**




CLEVER GRETEL

There was once one evening 
Random Sampling - temp = 1.0:  aid, ‚ÄòYes, my friend, why only I did
not forg I 
Random Sampling - temp = 2.0:  #M]?‚Äô
Mi2sth-laws and perans ‚Äòjunfilatiful cou
-------------------------------------------------------------------------------------
[train] Epoch: 8/20 Loss: 0.9216864419537921 Acc: 0.7056862031304559
Greedy Sampling             :  g to the first that shall be able to get the ball.
Random Sampling - temp = 0.5:  : ‚ÄòI will soon learn what it is to
shudder!‚Äô T
Random Sampling - temp = 1.0:  ùh Gutenberg‚Äù)!
  Prindemsel, why
have you been?
Random Sampling - temp = 2.0:  Sh S.b
811, for Cerdsman ‚ÄúJud!‚Äô Hpone
to jonce
-------------------------------------------------------------------------------------
[train] Epoch: 9/20 Loss: 0.880225760021875 Acc: 0.718388482165891
Greedy Sampling             :  0 days after the other, ‚ÄòI am not the sea,
and t
Random Sampling - temp = 0.5:  What do you take anything about it and carry off
y
Random Sampling - temp = 1.0:  ªlssion on that blood, and lay on her
knife, and c
Random Sampling - temp = 2.0:  kill him.
But he
passed behavished, I am
him?‚Äô A
-------------------------------------------------------------------------------------
[train] Epoch: 10/20 Loss: 0.8431872215381888 Acc: 0.7303470601869184
Greedy Sampling             :  re the streets, who was so big that she had ever s
Random Sampling - temp = 0.5:  crying along with his wife, and the cat met a larg
Random Sampling - temp = 1.0:  6quite bell. I feel as strong as he had gone by, a
Random Sampling - temp = 2.0:  p; it embro3b is locations.
Voluideral worl-trembs
-------------------------------------------------------------------------------------
[train] Epoch: 11/20 Loss: 0.8075161538844885 Acc: 0.7417012275651443
Greedy Sampling             :  Äô said the fish; ‚Äòshe is standing at the door, 
Random Sampling - temp = 0.5:  786-1863) and 1814. Although the
people gave him a
Random Sampling - temp = 1.0:  #(DIED RAVENEL

There was once a king, who was alr
Random Sampling - temp = 2.0:  which lat rienclady he is two, her terrus very, ta
-------------------------------------------------------------------------------------
[train] Epoch: 12/20 Loss: 0.7747842956420987 Acc: 0.7522650589776594
Greedy Sampling             :  [LITTLE KIDS
     THE WILLOW-WREN AND THE BEAR

On
Random Sampling - temp = 0.5:  G OF MRS FOX


FIRST STORY

There was once a man w
Random Sampling - temp = 1.0:  There they all, and laid her heavy by? Dummling ba
Random Sampling - temp = 2.0:  z
of barsJ of Life behien
dress@ty.org. U(claig‚Äô
-------------------------------------------------------------------------------------
[train] Epoch: 13/20 Loss: 0.7462596338848735 Acc: 0.7621172856452854
Greedy Sampling             :  øit was midnight, and the little tailor was alread
Random Sampling - temp = 0.5:  úyes, you should have cut the laws of the sun some
Random Sampling - temp = 1.0:  LET DIED AND WHAT FEAR WAS

A shepherd had a very 
Random Sampling - temp = 2.0:  Reel valeated, and by-onick todation; but whether 
-------------------------------------------------------------------------------------
[train] Epoch: 14/20 Loss: 0.7198203118734582 Acc: 0.7709072599577349
Greedy Sampling             :  The peasant said: ‚ÄòI have no objection to that p
Random Sampling - temp = 0.5:  Fundevogel, never leave me, and I will
teach you t
Random Sampling - temp = 1.0:  princess pushed
her in the coach; and wished that 
Random Sampling - temp = 2.0:  RDGOJE

There was once upon this jIstraw, ro! Join
-------------------------------------------------------------------------------------
[train] Epoch: 15/20 Loss: 0.698004296352697 Acc: 0.7780469155588815
Greedy Sampling             :  -tree
  Kywitt, Kywitt, what a beautiful bird am I
Random Sampling - temp = 0.5:  #212591-0.txt or 2591-0.t (8716, that plant who ha
Random Sampling - temp = 1.0:  lambs set them one after
wishpped at the fountain 
Random Sampling - temp = 2.0:  just cool him; so that
she miage in which flywind,
-------------------------------------------------------------------------------------
[train] Epoch: 16/20 Loss: 0.67743916469951 Acc: 0.7853403988272645
Greedy Sampling             :  ªøcle king of the Golden Mountain.




DOCTOR KNOW
Random Sampling - temp = 0.5:  #511-formation about donations to
     the Project
Random Sampling - temp = 1.0:  ô said this
grief overjoyed to see his eyes than w
Random Sampling - temp = 2.0:  XSôEART I* YOU!  IN PROTHEL

Jeadions or
with this
-------------------------------------------------------------------------------------
[train] Epoch: 17/20 Loss: 0.6594656237336092 Acc: 0.7910865232001904
Greedy Sampling             :  VEN RAVENS

There was once a man who had seven lit
Random Sampling - temp = 0.5:  *** START: FULL LICENSE ***

THE FULL PROJECT GUTE
Random Sampling - temp = 1.0:  øird ducat for I have often seen him
the promised 
Random Sampling - temp = 2.0:  Yet Brdal, my love roasted away,

T)M-WH14; 6ctran
-------------------------------------------------------------------------------------
[train] Epoch: 18/20 Loss: 0.6431324057800826 Acc: 0.7965546698071236
Greedy Sampling             :  RIND, EXPRESS OR IMPLIED, INCLUDING BUT NOT LIMITE
Random Sampling - temp = 0.5:  ô said the brute, ‚Äòwho are you?‚Äô ‚ÄòHere is a 
Random Sampling - temp = 1.0:  VE NOTS



     There additional cost Gretel repai
Random Sampling - temp = 2.0:  18(201, nrese
king at last; I5t see,
  rough, veye
-------------------------------------------------------------------------------------
[train] Epoch: 19/20 Loss: 0.6293839123359947 Acc: 0.8013190839179727
Greedy Sampling             :  g the king of the landlord at first was unwilling,
Random Sampling - temp = 0.5:  UNDEVOGEL

There was once a man who had dim eyes, 
Random Sampling - temp = 1.0:  anted to go home; and as they were travelling, and
Random Sampling - temp = 2.0:  1
trrangual; screaming loudly.

At last othereflow
-------------------------------------------------------------------------------------
[train] Epoch: 20/20 Loss: 0.616542587446612 Acc: 0.8056989283062691
Greedy Sampling             :  ut the bear has been a dainty mouthful!‚Äô Then sh
Random Sampling - temp = 0.5:  *********
This and all associated from one another
Random Sampling - temp = 1.0:  97 equipped him at the table, and at one blow has 
Random Sampling - temp = 2.0:  ons are queen which resty daiaral to works viguery
-------------------------------------------------------------------------------------
